This file contains any messages produced by compilers while
running configure, to aid debugging if configure makes a mistake.

It was created by enumerate configure 0.0.1, which was
generated by GNU Autoconf 2.59.  Invocation command line was

  $ ./configure 

## --------- ##
## Platform. ##
## --------- ##

hostname = nantar.cse.wustl.edu
uname -m = x86_64
uname -r = 2.6.23.1-42
uname -s = Linux
uname -v = #1 SMP Mon May 5 13:05:42 CDT 2008

/usr/bin/uname -p = unknown
/bin/uname -X     = unknown

/bin/arch              = x86_64
/usr/bin/arch -k       = unknown
/usr/convex/getsysinfo = unknown
hostinfo               = unknown
/bin/machine           = unknown
/usr/bin/oslevel       = unknown
/bin/universe          = unknown

PATH: /export/apt1/jarpith/mathematica/mmalphaV2-0-2/bin.linux
PATH: /syssoft/fpga_tools/xilinx_11.2i/ISE/bin/lin64
PATH: /syssoft/fpga_tools/xilinx_11.2i/ISE/bin/lin64
PATH: /export/xilinx//bin/lin64
PATH: /export/apt1/jarpith/mathematica/mmalphaV2-0-2/bin.linux
PATH: /syssoft/fpga_tools/xilinx_11.2i/ISE/bin/lin64
PATH: /syssoft/fpga_tools/xilinx_11.2i/ISE/bin/lin64
PATH: /export/xilinx//bin/lin64
PATH: /usr/lib64/qt-3.3/bin
PATH: /usr/kerberos/bin
PATH: /usr/local/bin
PATH: /usr/bin
PATH: /bin
PATH: /usr/X11R6/bin
PATH: /pkg/local/bin
PATH: /bin
PATH: /sbin
PATH: /usr/bin
PATH: /usr/sbin
PATH: /usr/local/bin
PATH: /usr/X11R6/bin
PATH: /usr/local/sbin
PATH: /net/syssoft/fpga_tools/xilinx_11.2i/ISE/bin/lin
PATH: /usr/java/j2sdk1.4.2_05/bin
PATH: /net/syssoft/modelsim/modeltech/bin
PATH: /net/syssoft/synplify/bin/
PATH: /home/cs/student/jarpith/bin
PATH: /usr/local/matlab_r14/bin
PATH: /pkg/local/bin
PATH: /bin
PATH: /sbin
PATH: /usr/bin
PATH: /usr/sbin
PATH: /usr/local/bin
PATH: /usr/X11R6/bin
PATH: /usr/local/sbin
PATH: /net/syssoft/fpga_tools/xilinx_11.2i/ISE/bin/lin
PATH: /usr/java/j2sdk1.4.2_05/bin
PATH: /net/syssoft/modelsim/modeltech/bin
PATH: /net/syssoft/synplify/bin/
PATH: /home/cs/student/jarpith/bin
PATH: /usr/local/matlab_r14/bin


## ----------- ##
## Core tests. ##
## ----------- ##

configure:1310: checking for a BSD-compatible install
configure:1365: result: /usr/bin/install -c
configure:1376: checking whether build environment is sane
configure:1419: result: yes
configure:1484: checking for gawk
configure:1500: found /usr/bin/gawk
configure:1510: result: gawk
configure:1520: checking whether make sets $(MAKE)
configure:1540: result: yes
configure:1754: checking for ranlib
configure:1770: found /usr/bin/ranlib
configure:1781: result: ranlib
configure:1845: checking for g++
configure:1861: found /usr/bin/g++
configure:1871: result: g++
configure:1887: checking for C++ compiler version
configure:1890: g++ --version </dev/null >&5
g++ (GCC) 4.1.2 20080704 (Red Hat 4.1.2-44)
Copyright (C) 2006 Free Software Foundation, Inc.
This is free software; see the source for copying conditions.  There is NO
warranty; not even for MERCHANTABILITY or FITNESS FOR A PARTICULAR PURPOSE.

configure:1893: $? = 0
configure:1895: g++ -v </dev/null >&5
Using built-in specs.
Target: x86_64-redhat-linux
Configured with: ../configure --prefix=/usr --mandir=/usr/share/man --infodir=/usr/share/info --enable-shared --enable-threads=posix --enable-checking=release --with-system-zlib --enable-__cxa_atexit --disable-libunwind-exceptions --enable-libgcj-multifile --enable-languages=c,c++,objc,obj-c++,java,fortran,ada --enable-java-awt=gtk --disable-dssi --enable-plugin --with-java-home=/usr/lib/jvm/java-1.4.2-gcj-1.4.2.0/jre --with-cpu=generic --host=x86_64-redhat-linux
Thread model: posix
gcc version 4.1.2 20080704 (Red Hat 4.1.2-44)
configure:1898: $? = 0
configure:1900: g++ -V </dev/null >&5
g++: '-V' option must have argument
configure:1903: $? = 1
configure:1926: checking for C++ compiler default output file name
configure:1929: g++    conftest.cc  >&5
configure:1932: $? = 0
configure:1978: result: a.out
configure:1983: checking whether the C++ compiler works
configure:1989: ./a.out
configure:1992: $? = 0
configure:2009: result: yes
configure:2016: checking whether we are cross compiling
configure:2018: result: no
configure:2021: checking for suffix of executables
configure:2023: g++ -o conftest    conftest.cc  >&5
configure:2026: $? = 0
configure:2051: result: 
configure:2057: checking for suffix of object files
configure:2078: g++ -c   conftest.cc >&5
configure:2081: $? = 0
configure:2103: result: o
configure:2107: checking whether we are using the GNU C++ compiler
configure:2131: g++ -c   conftest.cc >&5
configure:2137: $? = 0
configure:2141: test -z 
			 || test ! -s conftest.err
configure:2144: $? = 0
configure:2147: test -s conftest.o
configure:2150: $? = 0
configure:2163: result: yes
configure:2169: checking whether g++ accepts -g
configure:2190: g++ -c -g  conftest.cc >&5
configure:2196: $? = 0
configure:2200: test -z 
			 || test ! -s conftest.err
configure:2203: $? = 0
configure:2206: test -s conftest.o
configure:2209: $? = 0
configure:2220: result: yes
configure:2262: g++ -c -g -O2  conftest.cc >&5
configure:2268: $? = 0
configure:2272: test -z 
			 || test ! -s conftest.err
configure:2275: $? = 0
configure:2278: test -s conftest.o
configure:2281: $? = 0
configure:2307: g++ -c -g -O2  conftest.cc >&5
conftest.cc: In function 'int main()':
conftest.cc:15: error: 'exit' was not declared in this scope
configure:2313: $? = 1
configure: failed program was:
| /* confdefs.h.  */
| 
| #define PACKAGE_NAME "enumerate"
| #define PACKAGE_TARNAME "enumerate"
| #define PACKAGE_VERSION "0.0.1"
| #define PACKAGE_STRING "enumerate 0.0.1"
| #define PACKAGE_BUGREPORT "Arpith C. Jacob jarpith@cse.wustl.edu"
| #define PACKAGE "enumerate"
| #define VERSION "0.0.1"
| /* end confdefs.h.  */
| 
| int
| main ()
| {
| exit (42);
|   ;
|   return 0;
| }
configure:2262: g++ -c -g -O2  conftest.cc >&5
configure:2268: $? = 0
configure:2272: test -z 
			 || test ! -s conftest.err
configure:2275: $? = 0
configure:2278: test -s conftest.o
configure:2281: $? = 0
configure:2307: g++ -c -g -O2  conftest.cc >&5
configure:2313: $? = 0
configure:2317: test -z 
			 || test ! -s conftest.err
configure:2320: $? = 0
configure:2323: test -s conftest.o
configure:2326: $? = 0
configure:2360: checking for style of include used by make
configure:2388: result: GNU
configure:2416: checking dependency style of g++
configure:2506: result: gcc3
configure:2667: creating ./config.status

## ---------------------- ##
## Running config.status. ##
## ---------------------- ##

This file was extended by enumerate config.status 0.0.1, which was
generated by GNU Autoconf 2.59.  Invocation command line was

  CONFIG_FILES    = 
  CONFIG_HEADERS  = 
  CONFIG_LINKS    = 
  CONFIG_COMMANDS = 
  $ ./config.status 

on nantar.cse.wustl.edu

config.status:685: creating Makefile
config.status:685: creating README
config.status:685: creating doc/Makefile
config.status:685: creating m4/Makefile
config.status:685: creating src/Makefile
config.status:868: executing depfiles commands

## ---------------- ##
## Cache variables. ##
## ---------------- ##

ac_cv_cxx_compiler_gnu=yes
ac_cv_env_CPPFLAGS_set=
ac_cv_env_CPPFLAGS_value=
ac_cv_env_CXXFLAGS_set=
ac_cv_env_CXXFLAGS_value=
ac_cv_env_CXX_set=
ac_cv_env_CXX_value=
ac_cv_env_LDFLAGS_set=
ac_cv_env_LDFLAGS_value=
ac_cv_env_build_alias_set=
ac_cv_env_build_alias_value=
ac_cv_env_host_alias_set=
ac_cv_env_host_alias_value=
ac_cv_env_target_alias_set=
ac_cv_env_target_alias_value=
ac_cv_exeext=
ac_cv_objext=o
ac_cv_path_install='/usr/bin/install -c'
ac_cv_prog_AWK=gawk
ac_cv_prog_ac_ct_CXX=g++
ac_cv_prog_ac_ct_RANLIB=ranlib
ac_cv_prog_cxx_g=yes
ac_cv_prog_make_make_set=yes
am_cv_CXX_dependencies_compiler_type=gcc3

## ----------------- ##
## Output variables. ##
## ----------------- ##

ACLOCAL='${SHELL} /apt1/csefs/student/jarpith/mercury/research/software/throughput-optimization/enumerate/config/missing --run aclocal-1.9'
AMDEPBACKSLASH='\'
AMDEP_FALSE='#'
AMDEP_TRUE=''
AMTAR='${SHELL} /apt1/csefs/student/jarpith/mercury/research/software/throughput-optimization/enumerate/config/missing --run tar'
AUTOCONF='${SHELL} /apt1/csefs/student/jarpith/mercury/research/software/throughput-optimization/enumerate/config/missing --run autoconf'
AUTOHEADER='${SHELL} /apt1/csefs/student/jarpith/mercury/research/software/throughput-optimization/enumerate/config/missing --run autoheader'
AUTOMAKE='${SHELL} /apt1/csefs/student/jarpith/mercury/research/software/throughput-optimization/enumerate/config/missing --run automake-1.9'
AWK='gawk'
CPPFLAGS=''
CXX='g++'
CXXDEPMODE='depmode=gcc3'
CXXFLAGS='-g -O2'
CYGPATH_W='echo'
DEFS='-DPACKAGE_NAME=\"enumerate\" -DPACKAGE_TARNAME=\"enumerate\" -DPACKAGE_VERSION=\"0.0.1\" -DPACKAGE_STRING=\"enumerate\ 0.0.1\" -DPACKAGE_BUGREPORT=\"Arpith\ C.\ Jacob\ jarpith@cse.wustl.edu\" -DPACKAGE=\"enumerate\" -DVERSION=\"0.0.1\" '
DEPDIR='.deps'
ECHO_C=''
ECHO_N='-n'
ECHO_T=''
EXEEXT=''
INSTALL_DATA='${INSTALL} -m 644'
INSTALL_PROGRAM='${INSTALL}'
INSTALL_SCRIPT='${INSTALL}'
INSTALL_STRIP_PROGRAM='${SHELL} $(install_sh) -c -s'
LDFLAGS=''
LIBOBJS=''
LIBS=''
LTLIBOBJS=''
MAKEINFO='${SHELL} /apt1/csefs/student/jarpith/mercury/research/software/throughput-optimization/enumerate/config/missing --run makeinfo'
OBJEXT='o'
PACKAGE='enumerate'
PACKAGE_BUGREPORT='Arpith C. Jacob jarpith@cse.wustl.edu'
PACKAGE_NAME='enumerate'
PACKAGE_STRING='enumerate 0.0.1'
PACKAGE_TARNAME='enumerate'
PACKAGE_VERSION='0.0.1'
PATH_SEPARATOR=':'
RANLIB='ranlib'
SET_MAKE=''
SHELL='/bin/sh'
STRIP=''
VERSION='0.0.1'
ac_ct_CXX='g++'
ac_ct_RANLIB='ranlib'
ac_ct_STRIP=''
am__fastdepCXX_FALSE='#'
am__fastdepCXX_TRUE=''
am__include='include'
am__leading_dot='.'
am__quote=''
am__tar='${AMTAR} chof - "$$tardir"'
am__untar='${AMTAR} xf -'
bindir='${exec_prefix}/bin'
build_alias=''
datadir='${prefix}/share'
exec_prefix='${prefix}'
host_alias=''
includedir='${prefix}/include'
infodir='${prefix}/info'
install_sh='/apt1/csefs/student/jarpith/mercury/research/software/throughput-optimization/enumerate/config/install-sh'
libdir='${exec_prefix}/lib'
libexecdir='${exec_prefix}/libexec'
localstatedir='${prefix}/var'
mandir='${prefix}/man'
mkdir_p='mkdir -p --'
oldincludedir='/usr/include'
prefix='/usr/local'
program_transform_name='s,x,x,'
sbindir='${exec_prefix}/sbin'
sharedstatedir='${prefix}/com'
sysconfdir='${prefix}/etc'
target_alias=''

## ----------- ##
## confdefs.h. ##
## ----------- ##

#define PACKAGE "enumerate"
#define PACKAGE_BUGREPORT "Arpith C. Jacob jarpith@cse.wustl.edu"
#define PACKAGE_NAME "enumerate"
#define PACKAGE_STRING "enumerate 0.0.1"
#define PACKAGE_TARNAME "enumerate"
#define PACKAGE_VERSION "0.0.1"
#define VERSION "0.0.1"
#endif
#ifdef __cplusplus
extern "C" void std::exit (int) throw (); using std::exit;

configure: exit 0
